<?xml version="1.0" encoding="UTF-8"?>
<!-- Generated by org.testng.reporters.JUnitReportReporter -->
<testsuite skipped="15" hostname="DESKTOP-VUS56U8" name="SystemMavenProject.AnotherSystem" tests="16" failures="0" timestamp="17 Oct 2018 05:37:08 GMT" time="32.164" errors="1">
  <testcase name="LoginTest" time="0.010" classname="SystemMavenProject.AnotherSystem">
    <skipped/>
  </testcase> <!-- LoginTest -->
  <testcase name="FinanceTest" time="0.001" classname="SystemMavenProject.AnotherSystem">
    <skipped/>
  </testcase> <!-- FinanceTest -->
  <testcase name="LoadFeesTest" time="0.002" classname="SystemMavenProject.AnotherSystem">
    <skipped/>
  </testcase> <!-- LoadFeesTest -->
  <testcase name="ProgramsTest" time="0.001" classname="SystemMavenProject.AnotherSystem">
    <skipped/>
  </testcase> <!-- ProgramsTest -->
  <testcase name="ProgramProductsTest" time="0.000" classname="SystemMavenProject.AnotherSystem">
    <skipped/>
  </testcase> <!-- ProgramProductsTest -->
  <testcase name="ProgramProductRefTest" time="0.000" classname="SystemMavenProject.AnotherSystem">
    <skipped/>
  </testcase> <!-- ProgramProductRefTest -->
  <testcase name="MnuProgramCarrierType" time="0.001" classname="SystemMavenProject.AnotherSystem">
    <skipped/>
  </testcase> <!-- MnuProgramCarrierType -->
  <testcase name="MnuProgramDeliveryFee" time="0.001" classname="SystemMavenProject.AnotherSystem">
    <skipped/>
  </testcase> <!-- MnuProgramDeliveryFee -->
  <testcase name="MnuProgramTariff" time="0.000" classname="SystemMavenProject.AnotherSystem">
    <skipped/>
  </testcase> <!-- MnuProgramTariff -->
  <testcase name="UsersSystemUserTest" time="0.000" classname="SystemMavenProject.AnotherSystem">
    <skipped/>
  </testcase> <!-- UsersSystemUserTest -->
  <testcase name="UsersProgramUserTest" time="32.146" classname="SystemMavenProject.AnotherSystem">
    <error type="org.openqa.selenium.TimeoutException" message="Expected condition failed: waiting for element to be clickable: By.xpath: //*[@id=&quot;w0&quot;]/table (tried for 10 second(s) with 500 milliseconds interval)">
      <![CDATA[org.openqa.selenium.TimeoutException: Expected condition failed: waiting for element to be clickable: By.xpath: //*[@id="w0"]/table (tried for 10 second(s) with 500 milliseconds interval)
at org.openqa.selenium.support.ui.WebDriverWait.timeoutException(WebDriverWait.java:81)
at org.openqa.selenium.support.ui.FluentWait.until(FluentWait.java:271)
at SystemMavenProject.AnotherSystem.UsersProgramUserTest(AnotherSystem.java:1250)
at sun.reflect.NativeMethodAccessorImpl.invoke0(Native Method)
at sun.reflect.NativeMethodAccessorImpl.invoke(NativeMethodAccessorImpl.java:62)
at sun.reflect.DelegatingMethodAccessorImpl.invoke(DelegatingMethodAccessorImpl.java:43)
at java.lang.reflect.Method.invoke(Method.java:498)
at org.testng.internal.MethodInvocationHelper.invokeMethod(MethodInvocationHelper.java:124)
at org.testng.internal.Invoker.invokeMethod(Invoker.java:583)
at org.testng.internal.Invoker.invokeTestMethod(Invoker.java:719)
at org.testng.internal.Invoker.invokeTestMethods(Invoker.java:989)
at org.testng.internal.TestMethodWorker.invokeTestMethods(TestMethodWorker.java:125)
at org.testng.internal.TestMethodWorker.run(TestMethodWorker.java:109)
at org.testng.TestRunner.privateRun(TestRunner.java:648)
at org.testng.TestRunner.run(TestRunner.java:505)
at org.testng.SuiteRunner.runTest(SuiteRunner.java:455)
at org.testng.SuiteRunner.runSequentially(SuiteRunner.java:450)
at org.testng.SuiteRunner.privateRun(SuiteRunner.java:415)
at org.testng.SuiteRunner.run(SuiteRunner.java:364)
at org.testng.SuiteRunnerWorker.runSuite(SuiteRunnerWorker.java:52)
at org.testng.SuiteRunnerWorker.run(SuiteRunnerWorker.java:84)
at org.testng.TestNG.runSuitesSequentially(TestNG.java:1208)
at org.testng.TestNG.runSuitesLocally(TestNG.java:1137)
at org.testng.TestNG.runSuites(TestNG.java:1049)
at org.testng.TestNG.run(TestNG.java:1017)
at org.testng.remote.AbstractRemoteTestNG.run(AbstractRemoteTestNG.java:114)
at org.testng.remote.RemoteTestNG.initAndRun(RemoteTestNG.java:251)
at org.testng.remote.RemoteTestNG.main(RemoteTestNG.java:77)
Caused by: org.openqa.selenium.NoSuchElementException: Cannot locate an element using By.xpath: //*[@id="w0"]/table
For documentation on this error, please visit: http://seleniumhq.org/exceptions/no_such_element.html
Build info: version: '3.13.0', revision: '2f0d292', time: '2018-06-25T15:32:14.902Z'
System info: host: 'DESKTOP-VUS56U8', ip: '192.168.2.100', os.name: 'Windows 10', os.arch: 'amd64', os.version: '10.0', java.version: '1.8.0_181'
Driver info: driver.version: unknown
at org.openqa.selenium.support.ui.ExpectedConditions.lambda$findElement$0(ExpectedConditions.java:896)
at java.util.Optional.orElseThrow(Optional.java:290)
at org.openqa.selenium.support.ui.ExpectedConditions.findElement(ExpectedConditions.java:895)
at org.openqa.selenium.support.ui.ExpectedConditions.access$000(ExpectedConditions.java:44)
at org.openqa.selenium.support.ui.ExpectedConditions$7.apply(ExpectedConditions.java:206)
at org.openqa.selenium.support.ui.ExpectedConditions$7.apply(ExpectedConditions.java:202)
at org.openqa.selenium.support.ui.ExpectedConditions$22.apply(ExpectedConditions.java:657)
at org.openqa.selenium.support.ui.ExpectedConditions$22.apply(ExpectedConditions.java:654)
at org.openqa.selenium.support.ui.FluentWait.until(FluentWait.java:248)
... 26 more
]]>
    </error>
  </testcase> <!-- UsersProgramUserTest -->
  <testcase name="MnuIPWhitelist" time="0.000" classname="SystemMavenProject.AnotherSystem">
    <skipped/>
  </testcase> <!-- MnuIPWhitelist -->
  <testcase name="CardholderDetailsTest" time="0.001" classname="SystemMavenProject.AnotherSystem">
    <skipped/>
  </testcase> <!-- CardholderDetailsTest -->
  <testcase name="MnuSettingsPrefund" time="0.001" classname="SystemMavenProject.AnotherSystem">
    <skipped/>
  </testcase> <!-- MnuSettingsPrefund -->
  <testcase name="MnuSettingsDeliveryMethod" time="0.000" classname="SystemMavenProject.AnotherSystem">
    <skipped/>
  </testcase> <!-- MnuSettingsDeliveryMethod -->
  <testcase name="MnuLogsCardholders" time="0.000" classname="SystemMavenProject.AnotherSystem">
    <skipped/>
  </testcase> <!-- MnuLogsCardholders -->
</testsuite> <!-- SystemMavenProject.AnotherSystem -->
